#
# There is insufficient memory for the Java Runtime Environment to continue.
# Native memory allocation (malloc) failed to allocate 1048576 bytes for AllocateHeap
# Possible reasons:
#   The system is out of physical RAM or swap space
#   In 32 bit mode, the process size limit was hit
# Possible solutions:
#   Reduce memory load on the system
#   Increase physical memory or swap space
#   Check if swap backing store is full
#   Use 64 bit Java on a 64 bit OS
#   Decrease Java heap size (-Xmx/-Xms)
#   Decrease number of Java threads
#   Decrease Java thread stack sizes (-Xss)
#   Set larger code cache with -XX:ReservedCodeCacheSize=
# This output file may be truncated or incomplete.
#
#  Out of Memory Error (memory/allocation.inline.hpp:61), pid=16252, tid=16276
#
# JRE version:  (7.0_67-b01) (build )
# Java VM: Java HotSpot(TM) 64-Bit Server VM (24.65-b04 mixed mode windows-amd64 compressed oops)
# Failed to write core dump. Minidumps are not enabled by default on client versions of Windows
#

---------------  T H R E A D  ---------------

Current thread (0x0000000001d5e000):  JavaThread "Unknown thread" [_thread_in_vm, id=16276, stack(0x00000000021c0000,0x00000000022c0000)]

Stack: [0x00000000021c0000,0x00000000022c0000]
[error occurred during error reporting (printing stack bounds), id 0xc0000005]


---------------  P R O C E S S  ---------------

Java Threads: ( => current thread )

Other Threads:

=>0x0000000001d5e000 (exited) JavaThread "Unknown thread" [_thread_in_vm, id=16276, stack(0x00000000021c0000,0x00000000022c0000)]

VM state:not at safepoint (normal execution)

VM Mutex/Monitor currently owned by a thread: None

Heap
 PSYoungGen      total 18432K, used 317K [0x00000000ebb00000, 0x00000000ecf80000, 0x0000000100000000)
  eden space 15872K, 2% used [0x00000000ebb00000,0x00000000ebb4f630,0x00000000eca80000)
  from space 2560K, 0% used [0x00000000ecd00000,0x00000000ecd00000,0x00000000ecf80000)
  to   space 2560K, 0% used [0x00000000eca80000,0x00000000eca80000,0x00000000ecd00000)
 ParOldGen       total 41472K, used 0K [0x00000000c3200000, 0x00000000c5a80000, 0x00000000ebb00000)
  object space 41472K, 0% used [0x00000000c3200000,0x00000000c3200000,0x00000000c5a80000)
 PSPermGen       total 21504K, used 676K [0x00000000be000000, 0x00000000bf500000, 0x00000000c3200000)
  object space 21504K, 3% used [0x00000000be000000,0x00000000be0a90e0,0x00000000bf500000)

Card table byte_map: [0x0000000005480000,0x00000000056a0000] byte_map_base: 0x0000000004e90000

Polling page: 0x0000000000440000

Code Cache  [0x00000000023c0000, 0x0000000002630000, 0x00000000053c0000)
 total_blobs=37 nmethods=0 adapters=20 free_code_cache=48890Kb largest_free_block=50063104

Compilation events (0 events):
No events

GC Heap History (0 events):
No events

Deoptimization events (0 events):
No events

Internal exceptions (0 events):
No events

Events (10 events):
Event: 0.025 loading class 0x000000000213da60
Event: 0.025 loading class 0x000000000213da60 done
Event: 0.025 loading class 0x000000000213dab0
Event: 0.026 loading class 0x000000000213dab0 done
Event: 0.026 loading class 0x000000000213db00
Event: 0.026 loading class 0x000000000213db00 done
Event: 0.027 loading class 0x000000000213e860
Event: 0.027 loading class 0x000000000213e860 done
Event: 0.027 loading class 0x000000000213e480
Event: 0.027 loading class 0x000000000213e480 done


Dynamic libraries:
0x000000013ff80000 - 0x000000013ffb3000 	C:\Program Files\Java\jre7\bin\javaw.exe
0x00000000770b0000 - 0x0000000077259000 	C:\Windows\SYSTEM32\ntdll.dll
0x0000000076e90000 - 0x0000000076faf000 	C:\Windows\system32\kernel32.dll
0x000007fefc0c0000 - 0x000007fefc12c000 	C:\Windows\system32\KERNELBASE.dll
0x000007fefd3c0000 - 0x000007fefd49b000 	C:\Windows\system32\ADVAPI32.dll
0x000007fefde80000 - 0x000007fefdf1f000 	C:\Windows\system32\msvcrt.dll
0x000007fefd4a0000 - 0x000007fefd4bf000 	C:\Windows\SYSTEM32\sechost.dll
0x000007fefc1e0000 - 0x000007fefc30d000 	C:\Windows\system32\RPCRT4.dll
0x0000000076fb0000 - 0x00000000770aa000 	C:\Windows\system32\USER32.dll
0x000007fefd790000 - 0x000007fefd7f7000 	C:\Windows\system32\GDI32.dll
0x000007fefe350000 - 0x000007fefe35e000 	C:\Windows\system32\LPK.dll
0x000007fefdf20000 - 0x000007fefdfe9000 	C:\Windows\system32\USP10.dll
0x000007fefae50000 - 0x000007fefb044000 	C:\Windows\WinSxS\amd64_microsoft.windows.common-controls_6595b64144ccf1df_6.0.7601.17514_none_fa396087175ac9ac\COMCTL32.dll
0x000007fefe020000 - 0x000007fefe091000 	C:\Windows\system32\SHLWAPI.dll
0x000007fefdff0000 - 0x000007fefe01e000 	C:\Windows\system32\IMM32.DLL
0x000007fefd800000 - 0x000007fefd909000 	C:\Windows\system32\MSCTF.dll
0x000007fef51d0000 - 0x000007fef5259000 	C:\Program Files (x86)\AVG\AVG2015\avghooka.dll
0x000000005e5c0000 - 0x000000005e692000 	C:\Program Files\Java\jre7\bin\msvcr100.dll
0x000000005dde0000 - 0x000000005e5b2000 	C:\Program Files\Java\jre7\bin\server\jvm.dll
0x000007feef3c0000 - 0x000007feef3c9000 	C:\Windows\system32\WSOCK32.dll
0x000007fefd9d0000 - 0x000007fefda1d000 	C:\Windows\system32\WS2_32.dll
0x000007fefe360000 - 0x000007fefe368000 	C:\Windows\system32\NSI.dll
0x000007fef9270000 - 0x000007fef92ab000 	C:\Windows\system32\WINMM.dll
0x0000000077280000 - 0x0000000077287000 	C:\Windows\system32\PSAPI.DLL
0x000000005ddd0000 - 0x000000005dddf000 	C:\Program Files\Java\jre7\bin\verify.dll
0x000000005dda0000 - 0x000000005ddc8000 	C:\Program Files\Java\jre7\bin\java.dll
0x000000005dd80000 - 0x000000005dd95000 	C:\Program Files\Java\jre7\bin\zip.dll

VM Arguments:
jvm_args: -Dfile.encoding=Cp1250 
java_command: Login
Launcher Type: SUN_STANDARD

Environment Variables:
PATH=C:\Program Files\Dell\DW WLAN Card;C:\Windows\system32;C:\Windows;C:\Windows\System32\Wbem;C:\Windows\System32\WindowsPowerShell\v1.0\;C:\PROGRA~2\PICC;C:\Program Files (x86)\Windows Kits\8.1\Windows Performance Toolkit\;C:\Program Files\Microsoft SQL Server\110\Tools\Binn\;c:\Program Files (x86)\Microsoft SQL Server\100\Tools\Binn\;c:\Program Files\Microsoft SQL Server\100\Tools\Binn\;c:\Program Files\Microsoft SQL Server\100\DTS\Binn\;c:\Program Files (x86)\Microsoft SQL Server\100\Tools\Binn\VSShell\Common7\IDE\;c:\Program Files (x86)\Microsoft SQL Server\100\DTS\Binn\;c:\Program Files\WIDCOMM\Bluetooth Software\;c:\Program Files\WIDCOMM\Bluetooth Software\syswow64;C:\Windows\SysWOW64;C:\Program Files (x86)\GtkSharp\2.12\bin
USERNAME=Vlatko
OS=Windows_NT
PROCESSOR_IDENTIFIER=Intel64 Family 6 Model 37 Stepping 5, GenuineIntel



---------------  S Y S T E M  ---------------

OS: Windows 7 , 64 bit Build 7601 Service Pack 1

CPU:total 4 (2 cores per cpu, 2 threads per core) family 6 model 37 stepping 5, cmov, cx8, fxsr, mmx, sse, sse2, sse3, ssse3, sse4.1, sse4.2, popcnt, ht, tsc, tscinvbit

Memory: 4k page, physical 3988156k(684008k free), swap 15950760k(19512k free)

vm_info: Java HotSpot(TM) 64-Bit Server VM (24.65-b04) for windows-amd64 JRE (1.7.0_67-b01), built on Jul 25 2014 08:55:00 by "java_re" with unknown MS VC++:1600

time: Sun Jan 11 15:40:22 2015
elapsed time: 0 seconds

